# JRE version: Java(TM) SE Runtime Environment (17.0.12+8) (build 17.0.12+8-LTS-286)
# Java VM: Java HotSpot(TM) 64-Bit Server VM (17.0.12+8-LTS-286, mixed mode, sharing, tiered, compressed oops, compressed class ptrs, g1 gc, windows-amd64)
GC Precious Log:
 CPUs: 6 total, 6 available
 Memory: 16321M
 Large Page Support: Disabled
 NUMA Support: Disabled
 Compressed Oops: Enabled (32-bit)
 Heap Region Size: 1M
 Heap Min Capacity: 8M
 Heap Initial Capacity: 256M
 Heap Max Capacity: 2G
 Pre-touch: Disabled
 Parallel Workers: 6
 Concurrent Workers: 2
 Concurrent Refinement Workers: 6
 Periodic GC: Disabled
Heap:
 garbage-first heap   total 224256K, used 164080K [0x0000000080000000, 0x0000000100000000)
  region size 1024K, 36 young (36864K), 2 survivors (2048K)
 Metaspace       used 104203K, committed 105280K, reserved 557056K
  class space    used 14457K, committed 14976K, reserved 425984K
GC Heap History (20 events):
Event: 41.554 GC heap before
{Heap before GC invocations=67 (full 0):
 garbage-first heap   total 152576K, used 133705K [0x0000000080000000, 0x0000000100000000)
  region size 1024K, 9 young (9216K), 2 survivors (2048K)
 Metaspace       used 103132K, committed 104192K, reserved 557056K
  class space    used 14265K, committed 14784K, reserved 425984K
}
Event: 41.556 GC heap after
{Heap after GC invocations=68 (full 0):
 garbage-first heap   total 152576K, used 127927K [0x0000000080000000, 0x0000000100000000)
  region size 1024K, 2 young (2048K), 2 survivors (2048K)
 Metaspace       used 103132K, committed 104192K, reserved 557056K
  class space    used 14265K, committed 14784K, reserved 425984K
}
Event: 41.667 GC heap before
{Heap before GC invocations=68 (full 0):
 garbage-first heap   total 152576K, used 133047K [0x0000000080000000, 0x0000000100000000)
  region size 1024K, 7 young (7168K), 2 survivors (2048K)
 Metaspace       used 103229K, committed 104256K, reserved 557056K
  class space    used 14289K, committed 14784K, reserved 425984K
}
Event: 41.669 GC heap after
{Heap after GC invocations=69 (full 0):
 garbage-first heap   total 152576K, used 128607K [0x0000000080000000, 0x0000000100000000)
  region size 1024K, 1 young (1024K), 1 survivors (1024K)
 Metaspace       used 103229K, committed 104256K, reserved 557056K
  class space    used 14289K, committed 14784K, reserved 425984K
}
Event: 42.026 GC heap before
{Heap before GC invocations=69 (full 0):
 garbage-first heap   total 152576K, used 133727K [0x0000000080000000, 0x0000000100000000)
  region size 1024K, 7 young (7168K), 1 survivors (1024K)
 Metaspace       used 103604K, committed 104640K, reserved 557056K
  class space    used 14353K, committed 14848K, reserved 425984K
}
Event: 42.027 GC heap after
{Heap after GC invocations=70 (full 0):
 garbage-first heap   total 152576K, used 129021K [0x0000000080000000, 0x0000000100000000)
  region size 1024K, 1 young (1024K), 1 survivors (1024K)
 Metaspace       used 103604K, committed 104640K, reserved 557056K
  class space    used 14353K, committed 14848K, reserved 425984K
}
Event: 42.375 GC heap before
{Heap before GC invocations=70 (full 0):
 garbage-first heap   total 152576K, used 134141K [0x0000000080000000, 0x0000000100000000)
  region size 1024K, 7 young (7168K), 1 survivors (1024K)
 Metaspace       used 103998K, committed 105088K, reserved 557056K
  class space    used 14441K, committed 14976K, reserved 425984K
}
Event: 42.377 GC heap after
{Heap after GC invocations=71 (full 0):
 garbage-first heap   total 152576K, used 129699K [0x0000000080000000, 0x0000000100000000)
  region size 1024K, 1 young (1024K), 1 survivors (1024K)
 Metaspace       used 103998K, committed 105088K, reserved 557056K
  class space    used 14441K, committed 14976K, reserved 425984K
}
Event: 42.705 GC heap before
{Heap before GC invocations=71 (full 0):
 garbage-first heap   total 152576K, used 135843K [0x0000000080000000, 0x0000000100000000)
  region size 1024K, 7 young (7168K), 1 survivors (1024K)
 Metaspace       used 104136K, committed 105216K, reserved 557056K
  class space    used 14454K, committed 14976K, reserved 425984K
}
Event: 42.706 GC heap after
{Heap after GC invocations=72 (full 0):
 garbage-first heap   total 152576K, used 130901K [0x0000000080000000, 0x0000000100000000)
  region size 1024K, 1 young (1024K), 1 survivors (1024K)
 Metaspace       used 104136K, committed 105216K, reserved 557056K
  class space    used 14454K, committed 14976K, reserved 425984K
}
Event: 42.901 GC heap before
{Heap before GC invocations=72 (full 0):
 garbage-first heap   total 152576K, used 137045K [0x0000000080000000, 0x0000000100000000)
  region size 1024K, 7 young (7168K), 1 survivors (1024K)
 Metaspace       used 104200K, committed 105280K, reserved 557056K
  class space    used 14456K, committed 14976K, reserved 425984K
}
Event: 42.903 GC heap after
{Heap after GC invocations=73 (full 0):
 garbage-first heap   total 152576K, used 131864K [0x0000000080000000, 0x0000000100000000)
  region size 1024K, 1 young (1024K), 1 survivors (1024K)
 Metaspace       used 104200K, committed 105280K, reserved 557056K
  class space    used 14456K, committed 14976K, reserved 425984K
}
Event: 43.128 GC heap before
{Heap before GC invocations=73 (full 0):
 garbage-first heap   total 152576K, used 136984K [0x0000000080000000, 0x0000000100000000)
  region size 1024K, 7 young (7168K), 1 survivors (1024K)
 Metaspace       used 104202K, committed 105280K, reserved 557056K
  class space    used 14456K, committed 14976K, reserved 425984K
}
Event: 43.129 GC heap after
{Heap after GC invocations=74 (full 0):
 garbage-first heap   total 152576K, used 132818K [0x0000000080000000, 0x0000000100000000)
  region size 1024K, 1 young (1024K), 1 survivors (1024K)
 Metaspace       used 104202K, committed 105280K, reserved 557056K
  class space    used 14456K, committed 14976K, reserved 425984K
}
Event: 43.272 GC heap before
{Heap before GC invocations=74 (full 0):
 garbage-first heap   total 152576K, used 137938K [0x0000000080000000, 0x0000000100000000)
  region size 1024K, 7 young (7168K), 1 survivors (1024K)
 Metaspace       used 104203K, committed 105280K, reserved 557056K
  class space    used 14456K, committed 14976K, reserved 425984K
}
Event: 43.273 GC heap after
{Heap after GC invocations=75 (full 0):
 garbage-first heap   total 152576K, used 133568K [0x0000000080000000, 0x0000000100000000)
  region size 1024K, 1 young (1024K), 1 survivors (1024K)
 Metaspace       used 104203K, committed 105280K, reserved 557056K
  class space    used 14456K, committed 14976K, reserved 425984K
}
Event: 43.816 GC heap before
{Heap before GC invocations=76 (full 0):
 garbage-first heap   total 224256K, used 140736K [0x0000000080000000, 0x0000000100000000)
  region size 1024K, 10 young (10240K), 1 survivors (1024K)
 Metaspace       used 104203K, committed 105280K, reserved 557056K
  class space    used 14456K, committed 14976K, reserved 425984K
}
Event: 43.818 GC heap after
{Heap after GC invocations=77 (full 0):
 garbage-first heap   total 224256K, used 133494K [0x0000000080000000, 0x0000000100000000)
  region size 1024K, 2 young (2048K), 2 survivors (2048K)
 Metaspace       used 104203K, committed 105280K, reserved 557056K
  class space    used 14456K, committed 14976K, reserved 425984K
}
Event: 44.292 GC heap before
{Heap before GC invocations=77 (full 0):
 garbage-first heap   total 224256K, used 140662K [0x0000000080000000, 0x0000000100000000)
  region size 1024K, 10 young (10240K), 2 survivors (2048K)
 Metaspace       used 104203K, committed 105280K, reserved 557056K
  class space    used 14456K, committed 14976K, reserved 425984K
}
Event: 44.295 GC heap after
{Heap after GC invocations=78 (full 0):
 garbage-first heap   total 224256K, used 131312K [0x0000000080000000, 0x0000000100000000)
  region size 1024K, 2 young (2048K), 2 survivors (2048K)
 Metaspace       used 104203K, committed 105280K, reserved 557056K
  class space    used 14456K, committed 14976K, reserved 425984K
}

